<?xml version="1.0" encoding="UTF-8"?>
<testsuite name="jpabook.jpashop.service.MemberServiceTest" tests="2" skipped="0" failures="0" errors="0" timestamp="2024-11-13T07:54:48" hostname="moduui-MacBookAir.local" time="0.459">
  <properties/>
  <testcase name="중복회원처리()" classname="jpabook.jpashop.service.MemberServiceTest" time="0.31"/>
  <testcase name="회원가입()" classname="jpabook.jpashop.service.MemberServiceTest" time="0.148"/>
  <system-out><![CDATA[16:54:47.179 [Test worker] INFO org.springframework.test.context.support.AnnotationConfigContextLoaderUtils -- Could not detect default configuration classes for test class [jpabook.jpashop.service.MemberServiceTest]: MemberServiceTest does not declare any static, non-private, non-final, nested classes annotated with @Configuration.
16:54:47.222 [Test worker] INFO org.springframework.boot.test.context.SpringBootTestContextBootstrapper -- Found @SpringBootConfiguration jpabook.jpashop.JpashopApplication for test class jpabook.jpashop.service.MemberServiceTest

  .   ____          _            __ _ _
 /\\ / ___'_ __ _ _(_)_ __  __ _ \ \ \ \
( ( )\___ | '_ | '_| | '_ \/ _` | \ \ \ \
 \\/  ___)| |_)| | | | | || (_| |  ) ) ) )
  '  |____| .__|_| |_|_| |_\__, | / / / /
 =========|_|==============|___/=/_/_/_/
 :: Spring Boot ::                (v3.2.0)

2024-11-13T16:54:47.373+09:00  INFO 30605 --- [    Test worker] j.jpashop.service.MemberServiceTest      : Starting MemberServiceTest using Java 17.0.13 with PID 30605 (started by modu in /Users/modu/Desktop/UMC-7th-Spring/nonsmileCheetah/jpashop)
2024-11-13T16:54:47.374+09:00  INFO 30605 --- [    Test worker] j.jpashop.service.MemberServiceTest      : No active profile set, falling back to 1 default profile: "default"
2024-11-13T16:54:47.606+09:00  INFO 30605 --- [    Test worker] .s.d.r.c.RepositoryConfigurationDelegate : Bootstrapping Spring Data JPA repositories in DEFAULT mode.
2024-11-13T16:54:47.616+09:00  INFO 30605 --- [    Test worker] .s.d.r.c.RepositoryConfigurationDelegate : Finished Spring Data repository scanning in 5 ms. Found 0 JPA repository interfaces.
2024-11-13T16:54:47.752+09:00  INFO 30605 --- [    Test worker] com.zaxxer.hikari.HikariDataSource       : HikariPool-1 - Starting...
2024-11-13T16:54:47.834+09:00  INFO 30605 --- [    Test worker] com.zaxxer.hikari.pool.HikariPool        : HikariPool-1 - Added connection conn0: url=jdbc:h2:mem:ffc2f988-f1b9-40fc-bb7f-3ff8fe7b5c0a user=SA
2024-11-13T16:54:47.835+09:00  INFO 30605 --- [    Test worker] com.zaxxer.hikari.HikariDataSource       : HikariPool-1 - Start completed.
2024-11-13T16:54:47.851+09:00  INFO 30605 --- [    Test worker] o.hibernate.jpa.internal.util.LogHelper  : HHH000204: Processing PersistenceUnitInfo [name: default]
2024-11-13T16:54:47.869+09:00  INFO 30605 --- [    Test worker] org.hibernate.Version                    : HHH000412: Hibernate ORM core version 6.3.1.Final
2024-11-13T16:54:47.881+09:00  INFO 30605 --- [    Test worker] o.h.c.internal.RegionFactoryInitiator    : HHH000026: Second-level cache disabled
2024-11-13T16:54:47.963+09:00  INFO 30605 --- [    Test worker] o.s.o.j.p.SpringPersistenceUnitInfo      : No LoadTimeWeaver setup: ignoring JPA class transformer
2024-11-13T16:54:48.377+09:00  INFO 30605 --- [    Test worker] o.h.e.t.j.p.i.JtaPlatformInitiator       : HHH000489: No JTA platform available (set 'hibernate.transaction.jta.platform' to enable JTA platform integration)
2024-11-13T16:54:48.383+09:00 DEBUG 30605 --- [    Test worker] org.hibernate.SQL                        : drop table if exists category cascade 
2024-11-13T16:54:48.384+09:00 DEBUG 30605 --- [    Test worker] org.hibernate.SQL                        : drop table if exists category_item cascade 
2024-11-13T16:54:48.384+09:00 DEBUG 30605 --- [    Test worker] org.hibernate.SQL                        : drop table if exists delivery cascade 
2024-11-13T16:54:48.384+09:00 DEBUG 30605 --- [    Test worker] org.hibernate.SQL                        : drop table if exists item cascade 
2024-11-13T16:54:48.384+09:00 DEBUG 30605 --- [    Test worker] org.hibernate.SQL                        : drop table if exists member cascade 
2024-11-13T16:54:48.384+09:00 DEBUG 30605 --- [    Test worker] org.hibernate.SQL                        : drop table if exists order_item cascade 
2024-11-13T16:54:48.384+09:00 DEBUG 30605 --- [    Test worker] org.hibernate.SQL                        : drop table if exists orders cascade 
2024-11-13T16:54:48.384+09:00 DEBUG 30605 --- [    Test worker] org.hibernate.SQL                        : drop sequence if exists category_seq
2024-11-13T16:54:48.385+09:00 DEBUG 30605 --- [    Test worker] org.hibernate.SQL                        : drop sequence if exists delivery_seq
2024-11-13T16:54:48.385+09:00 DEBUG 30605 --- [    Test worker] org.hibernate.SQL                        : drop sequence if exists item_seq
2024-11-13T16:54:48.385+09:00 DEBUG 30605 --- [    Test worker] org.hibernate.SQL                        : drop sequence if exists member_seq
2024-11-13T16:54:48.385+09:00 DEBUG 30605 --- [    Test worker] org.hibernate.SQL                        : drop sequence if exists order_item_seq
2024-11-13T16:54:48.385+09:00 DEBUG 30605 --- [    Test worker] org.hibernate.SQL                        : drop sequence if exists orders_seq
2024-11-13T16:54:48.387+09:00 DEBUG 30605 --- [    Test worker] org.hibernate.SQL                        : create sequence category_seq start with 1 increment by 50
2024-11-13T16:54:48.388+09:00 DEBUG 30605 --- [    Test worker] org.hibernate.SQL                        : create sequence delivery_seq start with 1 increment by 50
2024-11-13T16:54:48.389+09:00 DEBUG 30605 --- [    Test worker] org.hibernate.SQL                        : create sequence item_seq start with 1 increment by 50
2024-11-13T16:54:48.389+09:00 DEBUG 30605 --- [    Test worker] org.hibernate.SQL                        : create sequence member_seq start with 1 increment by 50
2024-11-13T16:54:48.389+09:00 DEBUG 30605 --- [    Test worker] org.hibernate.SQL                        : create sequence order_item_seq start with 1 increment by 50
2024-11-13T16:54:48.389+09:00 DEBUG 30605 --- [    Test worker] org.hibernate.SQL                        : create sequence orders_seq start with 1 increment by 50
2024-11-13T16:54:48.390+09:00 DEBUG 30605 --- [    Test worker] org.hibernate.SQL                        : create table category (category_id bigint not null, parent_id bigint, name varchar(255), primary key (category_id))
2024-11-13T16:54:48.392+09:00 DEBUG 30605 --- [    Test worker] org.hibernate.SQL                        : create table category_item (category_id bigint not null, item_id bigint not null)
2024-11-13T16:54:48.392+09:00 DEBUG 30605 --- [    Test worker] org.hibernate.SQL                        : create table delivery (delivery_id bigint not null, city varchar(255), status varchar(255) check (status in ('READY','COMP')), street varchar(255), zipcode varchar(255), primary key (delivery_id))
2024-11-13T16:54:48.393+09:00 DEBUG 30605 --- [    Test worker] org.hibernate.SQL                        : create table item (price integer not null, stock_quantity integer not null, item_id bigint not null, dtype varchar(31) not null, actor varchar(255), artist varchar(255), author varchar(255), director varchar(255), etc varchar(255), isbn varchar(255), name varchar(255), primary key (item_id))
2024-11-13T16:54:48.394+09:00 DEBUG 30605 --- [    Test worker] org.hibernate.SQL                        : create table member (member_id bigint not null, city varchar(255), name varchar(255), street varchar(255), zipcode varchar(255), primary key (member_id))
2024-11-13T16:54:48.394+09:00 DEBUG 30605 --- [    Test worker] org.hibernate.SQL                        : create table order_item (count integer not null, order_price integer not null, item_id bigint, order_id bigint, order_item_id bigint not null, primary key (order_item_id))
2024-11-13T16:54:48.395+09:00 DEBUG 30605 --- [    Test worker] org.hibernate.SQL                        : create table orders (delivery_id bigint unique, member_id bigint, order_date timestamp(6), order_id bigint not null, status varchar(255) check (status in ('ORDER','CANCEL')), primary key (order_id))
2024-11-13T16:54:48.396+09:00 DEBUG 30605 --- [    Test worker] org.hibernate.SQL                        : alter table if exists category add constraint FK2y94svpmqttx80mshyny85wqr foreign key (parent_id) references category
2024-11-13T16:54:48.398+09:00 DEBUG 30605 --- [    Test worker] org.hibernate.SQL                        : alter table if exists category_item add constraint FKu8b4lwqutcdq3363gf6mlujq foreign key (item_id) references item
2024-11-13T16:54:48.398+09:00 DEBUG 30605 --- [    Test worker] org.hibernate.SQL                        : alter table if exists category_item add constraint FKcq2n0opf5shyh84ex1fhukcbh foreign key (category_id) references category
2024-11-13T16:54:48.399+09:00 DEBUG 30605 --- [    Test worker] org.hibernate.SQL                        : alter table if exists order_item add constraint FKija6hjjiit8dprnmvtvgdp6ru foreign key (item_id) references item
2024-11-13T16:54:48.400+09:00 DEBUG 30605 --- [    Test worker] org.hibernate.SQL                        : alter table if exists order_item add constraint FKt4dc2r9nbvbujrljv3e23iibt foreign key (order_id) references orders
2024-11-13T16:54:48.400+09:00 DEBUG 30605 --- [    Test worker] org.hibernate.SQL                        : alter table if exists orders add constraint FKtkrur7wg4d8ax0pwgo0vmy20c foreign key (delivery_id) references delivery
2024-11-13T16:54:48.401+09:00 DEBUG 30605 --- [    Test worker] org.hibernate.SQL                        : alter table if exists orders add constraint FKpktxwhj3x9m4gth5ff6bkqgeb foreign key (member_id) references member
2024-11-13T16:54:48.404+09:00  INFO 30605 --- [    Test worker] j.LocalContainerEntityManagerFactoryBean : Initialized JPA EntityManagerFactory for persistence unit 'default'
2024-11-13T16:54:48.487+09:00  WARN 30605 --- [    Test worker] JpaBaseConfiguration$JpaWebConfiguration : spring.jpa.open-in-view is enabled by default. Therefore, database queries may be performed during view rendering. Explicitly configure spring.jpa.open-in-view to disable this warning
2024-11-13T16:54:48.638+09:00  INFO 30605 --- [    Test worker] j.jpashop.service.MemberServiceTest      : Started MemberServiceTest in 1.364 seconds (process running for 1.808)
2024-11-13T16:54:49.090+09:00 DEBUG 30605 --- [    Test worker] org.hibernate.SQL                        : select m1_0.member_id,m1_0.city,m1_0.street,m1_0.zipcode,m1_0.name from member m1_0 where m1_0.name=?
2024-11-13T16:54:49.090+09:00 TRACE 30605 --- [    Test worker] org.hibernate.orm.jdbc.bind              : binding parameter (1:VARCHAR) <- [kim]
2024-11-13T16:54:49.093+09:00 DEBUG 30605 --- [    Test worker] org.hibernate.SQL                        : select next value for member_seq
]]></system-out>
  <system-err><![CDATA[]]></system-err>
</testsuite>
